<?xml version="1.0" encoding="UTF-8"?>
<!-- Generated by org.testng.reporters.JUnitReportReporter -->
<testsuite hostname="LAPTOP-FAP6QC75" failures="0" tests="1" name="acj79_RegistrationFirstName.RegisterMe" time="11.114" errors="0" timestamp="2021-01-17T21:05:27 PST" skipped="0">
  <testcase classname="acj79_RegistrationFirstName.RegisterMe" name="fillOutRegistrationFormTest" time="11.114"/>
  <system-out/>
</testsuite> <!-- acj79_RegistrationFirstName.RegisterMe -->
