<?xml version="1.0" encoding="UTF-8"?>
<!-- Generated by org.testng.reporters.JUnitReportReporter -->
<testsuite hostname="LAPTOP-FAP6QC75" failures="0" tests="1" name="tests.LoginTest" time="17.671" errors="0" timestamp="2021-01-14T10:48:14 PST" skipped="0">
  <testcase classname="tests.LoginTest" name="loginIntoAccountAsTeacher" time="17.671"/>
  <system-out/>
</testsuite> <!-- tests.LoginTest -->
