<?xml version="1.0" encoding="UTF-8"?>
<!-- Generated by org.testng.reporters.JUnitReportReporter -->
<testsuite hostname="LAPTOP-FAP6QC75" failures="0" tests="1" name="acj232_LoginTestsSet.ACJ236_InvalidEmailAndPasswordTest" time="8.509" errors="0" timestamp="2021-01-16T12:53:26 PST" skipped="0">
  <testcase classname="acj232_LoginTestsSet.ACJ236_InvalidEmailAndPasswordTest" name="invalidEmailAndPassword" time="8.509"/>
  <system-out/>
</testsuite> <!-- acj232_LoginTestsSet.ACJ236_InvalidEmailAndPasswordTest -->
