<?xml version="1.0" encoding="UTF-8"?>
<!-- Generated by org.testng.reporters.JUnitReportReporter -->
<testsuite hostname="LAPTOP-FAP6QC75" failures="0" tests="1" name="acj232_LoginTestsSet.ACJ235_LoginValidEmailAndPasswordTest" time="11.085" errors="0" timestamp="2021-01-16T12:53:26 PST" skipped="0">
  <testcase classname="acj232_LoginTestsSet.ACJ235_LoginValidEmailAndPasswordTest" name="acj235_LogInWithValidNameAndPasswordTest" time="11.085"/>
  <system-out/>
</testsuite> <!-- acj232_LoginTestsSet.ACJ235_LoginValidEmailAndPasswordTest -->
