<?xml version="1.0" encoding="UTF-8"?>
<!-- Generated by org.testng.reporters.JUnitReportReporter -->
<testsuite hostname="LAPTOP-FAP6QC75" failures="0" tests="1" name="acj282_QuizTitle.ACJ302_50QuestionQuiz" time="72.106" errors="0" timestamp="2021-01-26T21:29:42 PST" skipped="0">
  <testcase classname="acj282_QuizTitle.ACJ302_50QuestionQuiz" name="createAlphaNumericQuizTitle" time="72.106"/>
  <system-out/>
</testsuite> <!-- acj282_QuizTitle.ACJ302_50QuestionQuiz -->
